100
0 32 34 110 33 48 83 410 92 51 157 123 140 96 52 146 47 4171 90 43 330 331 98 60 88 198 86 76 285 61 66 655 132 451 329 115 147 64 290 484 679 815 79 84 231 3457
1 0 8 9 2 7 1 5 14 4 3 6 19 28 27 15 11 126 37 21 13 17 65 199 63 16 22 30 23 10 120 12 18 404 58 57 38 24 72 41 26 62 485 35 25 29 44 45 121 252 869 74 1572 253 3198 1089 583 1290
2 8 0 9 2 7 1 5 27 14 3 4 6 19 155 69 28 15 11 63 21 13 37 16 20 17 23 65 12 120 126 252 10 1495 30 18 3244 22 74 72 139 107 102 57 62 38 24 41 356 44 867 26 35 82 29 45 58 485 3774
3 32 36 42 31 40 60 34 33 45 166 253 110 73 229 70 52 56 50 135 97 84 54 96 103 117 243 249 83 161 112 426 53 725 48 86 49 299 39 95 147 404 1888 494 372 4347
4 103 79 147 119 59 68 66 118 71 76 51 135 64 106 132 183 49 144 85 41 375 91 129 140 73 1387 432 907 170 173 111 77 1597
5 8 0 9 2 7 1 5 27 14 3 28 4 6 11 155 15 37 19 120 20 17 16 12 23 13 18 30 10 35 22 24 107 26 44 32 61 21 38 82 78 184 25 482 31 869 797 329 1958 859 549 69 1184
6 25 29 32 31 74 158 26 45 107 193 114 55 54 34 135 36 117 70 40 88 61 309 33 52 131 60 112 96 280 42 199 56 39 46 86 110 426 48 47 316 6656
7 0 8 9 7 2 1 5 27 4 3 6 14 28 15 11 19 63 176 21 17 20 13 12 10 30 18 74 35 38 303 355 57 24 37 23 485 58 121 184 41 62 102 45 44 16 107 131 78 25 36 56 356 442 316 139 977 9517 1315
8 56 42 60 88 135 40 102 158 52 34 54 164 31 51 46 70 20 549 97 47 110 79 86 50 84 53 73 36 33 249 32 123 55 48 280 112 119 2148 751 1434 2700 8080
9 8 0 9 7 2 138 1 5 27 14 3 4 6 28 19 69 15 11 155 176 126 120 63 37 21 13 20 16 17 121 12 65 10 23 22 30 62 554 18 199 35 468 38 139 184 24 148 72 58 57 236 107 26 41 725 44 78 6729 355 114 32 55 252 2955
10 8 0 9 2 7 1 5 27 14 4 6 3 28 138 19 15 11 126 69 37 2848 63 21 13 17 20 23 12 16 10 22 62 18 468 859 65 1737 120 72 139 35 24 355 74 131 26 30 44 148 114 356 38 61 199 41 55 32 5926 78 224 253 3477
11 0 8 9 2 7 1 5 14 3 6 4 19 28 120 69 15 11 37 17 21 20 13 65 63 199 10 18 16 12 72 22 139 121 30 35 74 24 236 303 252 131 356 45 41 44 29 25 55 404 184 38 224 84 229 316 197 290
12 0 8 9 2 7 1 5 138 27 14 3 28 4 6 19 155 15 11 69 554 120 63 126 21 20 1502 13 16 17 121 65 12 10 23 18 30 22 62 57 72 252 58 24 166 35 78 45 38 26 61 176 82 44 29 139 1310 184 56 1077 2371 303 1263 2153
13 53 48 49 95 117 90 43 96 59 71 119 157 68 187 249 52 77 158 106 267 64 197 67 122 80 389 240 87 132 109 147 60 1506 325 118 1951 1452 850
14 0 8 9 7 2 1 5 27 14 4 3 28 6 15 19 69 11 17 21 65 37 121 138 23 12 16 22 10 35 148 355 38 404 107 72 708 102 30 26 41 24 32 36 253 114 25 1384 34 61 54 442 1122 6656
15 8 0 9 7 2 138 1 5 14 3 27 4 6 19 15 28 11 69 63 126 21 20 13 17 120 12 968 22 16 18 10 62 57 23 65 468 58 38 107 24 199 166 45 102 41 145 193 131 329 61 44 25 36 26 2818 197 5482 3774 9365
16 87 66 118 39 64 332 224 410 372 92 76 67 53 371 71 316 98 681 142 112 115 659 137 196 89 68 524 29 612 151 2112 144 170 149 132 156 100 249 948 4371
17 8 0 2 7 9 1 5 14 3 4 28 6 19 15 11 138 69 21 20 13 17 23 16 12 10 65 22 199 18 62 30 252 35 74 184 24 44 102 78 63 29 61 41 32 36 55 42 968
18 8 0 9 2 7 1 5 138 14 4 3 28 6 19 27 15 11 120 17 21 20 37 121 10 23 13 18 30 12 16 35 184 22 24 356 62 56 26 152 45 38 114 55 31 78 29 252 117 176 355 7984
19 56 36 25 158 42 243 303 34 29 88 31 70 60 54 55 309 73 96 40 110 290 33 224 82 52 48 50 51 86 47 187 39 92 161 135 140 211 299 285 84 268 679 482
20 8 0 9 2 7 1 5 27 3 4 14 6 19 28 15 120 11 1290 126 176 63 69 37 20 13 17 23 21 16 12 62 121 18 148 22 10 30 35 252 184 107 38 44 57 26 24 41 155 45 82 102 78 29 131 2153 114 158 5526 2591
21 8 0 9 2 7 1 5 27 14 4 6 3 28 19 69 15 11 176 37 2848 21 13 23 17 16 120 65 12 20 10 199 18 22 126 121 2264 252 63 74 1482 35 72 58 24 38 44 107 26 45 41 78 30 57 62 139 82 61 148 131 236 253 164 797 4247
22 8 0 9 2 7 138 1 5 14 3 4 6 28 27 69 15 11 19 1310 63 37 1290 21 583 17 13 23 20 16 155 12 22 126 859 10 18 57 62 468 148 72 30 24 184 74 166 38 193 44 102 236 45 41 107 26 121 114 61 35 197 55 58 2818 253 1173 7624
23 8 0 2 7 9 1 138 5 14 4 27 3 28 6 19 15 11 126 37 63 17 20 21 13 16 12 23 65 18 10 35 252 184 107 24 58 44 26 57 139 45 55 145 74 30 131 25 32 152 38 355 482 621
24 8 0 9 2 7 1 5 138 27 14 4 3 6 28 19 15 11 120 69 126 37 21 20 13 16 65 17 12 23 62 10 22 18 30 35 72 139 252 74 184 708 58 24 102 145 57 45 725 38 26 44 41 131 78 82 148 63 114 2060 236 1173 193 404 900 977 554 1572
25 36 32 25 84 31 54 55 56 70 40 33 73 82 29 88 51 83 48 249 34 140 46 112 103 39 50 86 90 342 161 166 47 268 146 494 301 7242 3483 5482
26 8 0 9 2 7 1 138 5 27 3 28 4 6 19 14 11 15 63 69 21 554 13 20 16 23 12 17 126 120 37 10 199 65 30 18 62 72 35 38 22 24 107 139 41 26 131 25 36 29 74 485 1077
27 0 8 9 2 7 1 5 27 3 6 4 14 28 69 19 15 11 138 21 37 121 17 20 16 13 12 176 10 23 22 18 35 30 63 65 107 24 72 45 78 482 44 25 56 57 84 82 36 164 152 41 229 1954 2780 3389
28 55 29 32 36 74 31 42 224 45 78 253 135 309 34 193 33 117 60 88 103 40 148 51 82 52 97 83 46 96 54 25 709 164 268 61 161 9517 47 43 146 70 301 110 2076 8450
29 36 61 84 42 56 55 229 290 34 54 31 243 309 110 1122 33 236 112 74 52 316 329 48 268 40 32 1384 249 53 152 211 83 49 135 92 86 330 47 71 468 146 43 50 140 482 909 751 2700 5661
30 36 18 107 55 56 131 78 82 31 40 42 117 54 34 114 252 51 84 73 146 52 157 187 39 47 95 119 49 5526 110 96 80 301 81 79 224 125 914 60 70 332 432 178 1583 198 3870
31 8 0 9 7 2 1 138 5 27 14 3 4 6 28 19 15 69 126 11 13 17 20 37 16 63 12 21 199 120 10 62 23 30 22 18 72 252 468 35 24 583 58 102 166 131 26 38 41 74 29 55 193 65 482 61 82 356 621 184 253 2486
32 8 0 9 2 7 138 1 5 27 14 3 4 6 28 19 15 69 120 11 155 176 554 63 37 21 20 17 13 16 121 23 12 126 968 10 22 18 148 65 30 859 62 900 184 57 72 35 74 24 468 199 404 139 38 166 44 131 26 78 197 114 5921 102 41 32 107 152
33 8 0 2 9 7 1 5 14 27 3 6 4 28 19 69 11 15 176 126 63 13 20 17 37 16 21 138 3097 12 65 120 10 2848 18 57 554 22 23 35 199 58 24 62 102 38 708 41 482 26 82 61 25 32 74 44 1954
34 8 0 9 2 7 138 1 5 14 3 4 19 6 15 28 27 120 20 121 126 17 13 12 10 22 148 18 21 35 30 252 16 57 24 58 38 74 63 45 55 139 329 164 32 224 78 11 152 82 25 29 65 482 1077 621 2955
35 42 148 131 316 88 52 164 45 32 60 82 70 96 41 51 158 31 54 97 253 123 83 65 140 49 53 2371 90 34 118 64 62 80 33 81 87 157 137 132 1122 476 119 3923 103
36 32 36 84 61 152 60 25 410 549 42 56 31 193 48 33 709 199 166 73 46 49 88 83 157 80 206 50 1387 43 797 58 187 66 97 161 95 118 75 39 751 859 197
37 0 8 2 7 9 1 5 27 3 6 4 28 19 69 14 15 155 126 176 11 21 968 16 17 1737 12 13 10 62 18 20 30 3097 57 121 23 38 58 22 24 44 65 45 26 114 74 63 41 32 54 356 82 102 1482 229 166 193 236
38 51 71 59 46 92 146 68 47 125 98 75 442 66 484 907 77 432 119 137 142 67 309 231 64 101 585 106 1065 76 122 206 94
39 8 0 9 2 7 1 5 138 27 14 3 4 6 19 28 11 15 69 120 21 37 13 17 20 23 968 16 12 10 65 22 1671 554 30 18 176 468 62 74 35 38 166 148 355 57 184 139 26 58 102 24 56 107 32 25 63 797 152 193 5381 977 5921
40 56 54 117 34 36 52 84 55 88 42 65 48 166 73 97 211 60 51 31 47 79 83 135 253 50 86 80 290 92 53 316 193 621 40 95 90 43 161 49 1591 3849 977 1263 6698 4841
41 8 0 9 2 7 1 5 27 14 4 3 28 6 11 15 554 63 19 20 37 17 13 16 21 12 121 23 10 22 18 57 35 900 120 30 62 24 45 26 164 145 61 36 38 25 55 78 224 74 166 1173 2076 404
42 8 0 9 2 7 138 1 5 27 14 3 4 6 19 69 15 28 11 155 126 63 37 21 968 708 13 20 16 17 1263 12 65 23 10 121 30 18 62 35 22 252 38 57 197 58 44 166 131 24 482 26 164 41 102 72 25 56 145 236 1495
43 43 249 112 42 81 132 115 47 119 68 178 76 332 88 39 67 83 75 331 77 85 299 98 66 168 51 609 34 158 382 64 211 2889 5381 1572
44 32 26 54 42 145 70 55 309 33 31 88 56 60 117 34 164 135 485 131 73 389 51 40 112 48 36 50 52 29 371 253 46 79 410 53 39 86 243 187 731 1954 869 3849
45 8 0 9 2 7 1 5 27 138 14 3 4 6 155 69 19 15 11 28 120 37 554 21 126 583 13 17 176 16 23 1502 12 20 63 121 10 18 22 30 252 859 57 72 184 139 62 199 107 35 38 58 193 24 44 131 26 41 145 2818 114 32 45 229 867 1310 7055
46 8 0 9 2 7 1 5 138 27 3 14 4 1502 28 15 6 19 11 21 13 16 12 20 23 22 155 17 18 10 58 30 24 72 148 107 57 166 25 485 62 55 29 26 31 70 152 41 410 583
47 8 0 9 2 138 7 1 5 27 14 3 4 28 6 15 69 19 11 37 583 21 13 17 2264 16 23 12 120 65 199 20 10 22 1495 57 18 35 72 62 139 24 38 236 193 184 26 102 45 468 41 55 32 114 58 107 78 131 253 316 3106 148
48 8 0 9 2 7 1 5 27 14 4 3 28 6 19 138 69 15 11 120 176 37 21 13 17 20 16 23 63 12 10 30 22 35 18 148 74 252 583 404 184 38 199 24 164 55 25 82 26 32 65 36 62 1384 356 3684
49 8 0 2 7 138 9 1 5 27 14 3 28 4 19 6 15 11 69 63 120 37 17 23 13 16 20 12 10 21 121 35 72 57 24 18 22 44 38 58 26 114 29 107 55 25 184 61 56 229
50 42 34 26 31 70 60 41 52 40 33 73 45 78 88 112 103 51 48 900 83 371 329 50 410 97 39 110 117 46 38 372 53 61 43 96 389 80 57 268 1173
51 0 8 9 2 7 1 5 27 14 4 28 6 3 15 11 19 63 21 13 17 16 23 20 121 12 22 10 18 30 197 35 24 78 72 58 45 74 725 37 41 102 38 26 44 55 61 29 2818 977 155 371 329 9365 5501
52 47 97 301 49 146 175 82 211 64 68 95 67 115 106 162 75 92 267 1395 299 100 43 59 197 207 105 89 178 143 71 66 6402 1714 1070
53 0 8 9 2 7 138 1 5 14 4 6 3 27 19 15 11 28 69 21 13 20 37 17 16 121 968 23 12 22 184 62 18 252 176 10 65 120 30 72 404 63 468 38 107 24 26 35 45 74 114 58 356 41 236 44 25 61 900 1495
54 32 44 31 45 114 54 42 117 88 176 84 110 158 78 549 60 52 40 135 50 33 164 70 48 39 47 36 34 97 140 46 96 51 83 243 797 90 132 290 123 442 686 3198 869
55 8 0 9 2 7 1 5 27 14 3 6 4 28 19 15 3244 11 126 176 37 1502 21 13 16 20 17 155 12 23 1263 10 63 65 18 1495 30 468 57 121 72 138 58 38 252 404 24 1737 199 44 107 22 78 26 131 145 55 25 29 166 152 193 485 6887
56 8 0 9 2 7 1 5 27 14 3 4 6 19 11 28 37 15 16 20 69 23 21 17 13 121 12 18 22 62 10 35 30 58 72 148 1502 24 44 2264 38 145 45 32 236 29 26 3756 485 40 1184
57 8 0 2 7 9 1 5 27 14 3 6 4 28 69 19 15 11 63 708 21 20 176 13 16 37 126 12 10 121 17 65 18 30 3975 35 62 38 23 22 24 148 74 107 44 102 26 199 197 145 356 797 82 41 25 45 158 166 442 1334 1495
58 55 56 36 1334 31 32 158 70 3110 41 84 44 88 29 25 303 102 442 52 34 33 73 112 3106 40 139 280 114 42 51 62 48 389 60 869 299 61 45 117 83 39 79 58 26 329 1122 2153 6604 4023
59 31 70 34 56 42 117 60 36 52 103 48 83 39 33 80 79 46 51 53 73 125 494 86 75 95 64 81 50 243 123 118 253 1334 1412
60 25 29 84 54 152 32 103 280 83 110 55 52 73 268 132 42 80 60 123 56 53 50 71 31 86 34 33 59 737 88 115 119 81 75 583 1756 1089 5985
61 84 70 34 31 42 25 52 410 1077 253 243 36 114 60 117 32 158 135 110 33 83 79 51 54 869 48 131 40 103 86 50 299 1572 268 372 39 53 56 46 140 97 583 184 2780
62 8 0 9 2 7 1 138 5 27 14 3 4 6 28 69 19 15 11 155 120 583 37 20 13 17 16 126 21 23 65 176 12 10 62 199 72 18 35 63 22 148 57 58 30 197 107 139 24 1310 356 102 164 44 236 26 404 41 56 32 7624 82 78 121 2076 303 1583 1958
63 8 0 9 2 7 138 1 5 27 14 3 4 6 28 19 15 11 155 63 21 37 16 20 17 583 12 13 120 22 1495 148 184 10 69 57 65 23 30 18 35 24 72 58 44 74 45 107 38 900 26 968 131 56 29 55 164 468 709
64 0 8 9 2 7 1 5 4 3 6 27 28 69 19 120 11 15 126 14 63 21 13 20 17 10 12 22 30 18 16 23 72 58 57 38 356 166 1737 45 102 62 56 37 32 74 29 107 26 621 229 193 55 54 152 9584
65 82 54 152 56 72 34 52 32 33 88 114 31 60 42 184 40 84 280 355 61 97 83 224 166 39 243 50 47 70 299 80 53 110 86 117 112 157 43 46 158 123 1597 1679 3767
66 0 8 9 2 7 1 5 138 27 14 3 4 6 19 15 28 11 63 13 21 20 23 12 37 65 252 22 30 18 17 10 57 16 35 155 404 236 38 24 166 58 78 356 62 32 45 36 61 25 164 158 131 229
67 8 0 9 2 7 138 1 5 27 14 3 28 4 6 19 15 155 11 69 120 126 1290 63 37 21 20 17 13 16 65 23 12 10 18 1263 22 62 57 468 30 35 184 139 38 72 121 24 199 404 78 26 131 45 32 29 61 229 102 482 708 485 3477 1495
68 0 8 9 2 7 1 5 27 3 4 28 6 14 19 69 11 15 155 21 554 37 20 16 13 12 63 17 10 18 22 62 199 65 57 197 24 78 58 30 102 35 236 56 26 44 253 25 31 356 29 184 6698
69 88 83 34 40 33 54 53 48 47 39 90 187 43 2371 96 309 36 59 66 86 84 140 68 146 75 162 49 249 240 77 542
70 54 34 33 42 73 243 55 51 46 31 36 79 48 39 112 49 47 43 1384 132 107 95 53 72 83 301 74 45 110 96 50 60 97 84 224
71 0 8 9 2 7 1 5 27 3 4 6 19 28 15 14 11 138 69 37 120 13 21 17 20 12 121 968 22 63 10 16 30 18 252 23 184 404 62 57 197 148 1671 72 139 44 355 41 131 35 164 26 38 102 114 859 55 29 24 329 74 65 2591
72 139 82 57 84 158 55 54 243 29 70 166 44 18 60 45 33 20 117 40 309 103 32 1384 46 51 410 1434 97 47 48 79 126 187 371 73 161 110 39 52 58 49 42 96 135 280 224 679
73 36 54 32 70 34 31 131 184 110 52 33 309 40 45 103 2060 60 158 50 686 46 51 268 39 48 53 303 155 197 161 95 49 83 97 92 426 80 56 71 1077
74 0 8 9 2 7 1 5 27 14 3 4 6 19 28 15 155 126 63 37 21 13 11 16 120 121 12 20 22 184 10 148 62 199 968 621 23 58 35 65 17 24 44 145 41 468 61 102 25 26 38 45 30 29 158 253
75 8 0 9 2 7 1 5 27 4 3 6 28 14 69 15 11 19 63 155 21 13 37 17 16 20 10 12 62 18 57 22 35 30 1671 58 72 24 107 1482 26 55 32 44 25 36 82 224 131 121 145 873
76 8 0 2 9 7 1 5 27 3 14 4 6 28 155 11 19 15 21 63 17 16 13 20 121 12 23 10 22 30 35 869 184 900 24 126 867 107 45 26 44 145 114 148 62 2060 32 55 18 38 61 56 236 224 152 3849 117 135
77 46 81 43 59 90 123 75 68 331 342 76 118 71 301 183 168 140 87 142 330 207 653 92 501 273 1395 144 173 204 105 1734 612 136 289 180 715 235 899
78 29 25 102 56 158 34 78 329 82 70 42 114 54 33 243 60 797 31 26 22 36 176 135 52 96 112 38 37 50 88 83 40 39 110 46 47 79 84 103 5276 549 1482 6049
79 31 33 977 73 410 34 60 51 84 50 40 61 42 290 47 110 679 80 211 52 948 48 46 139 119 206 112 55 157 43 49 161 267 90 70 126 331 81 140 88 102 725 329 6165
80 8 0 2 7 9 138 1 5 14 3 6 4 19 28 27 15 69 11 126 120 37 63 17 13 20 16 21 23 12 65 10 18 30 57 869 22 968 35 184 197 38 72 24 58 74 41 176 107 26 44 29 25 404 121 224 252
81 8 0 9 2 7 138 1 5 27 4 3 28 14 6 19 15 155 120 11 37 69 20 13 17 554 16 21 65 12 10 18 62 148 57 23 38 22 58 63 44 131 35 41 24 26 61 56 102 72 32 152 30 329 78 6656
82 8 0 9 2 7 138 1 5 14 3 4 6 27 28 155 15 120 19 11 1671 63 37 21 16 13 126 12 65 20 3097 121 22 23 30 17 18 10 355 252 62 69 139 24 74 58 61 32 82 56 55 41 44 229 45 29 131 199 3102
83 8 0 9 2 7 1 5 14 3 6 4 155 28 19 15 126 11 3244 21 69 13 20 17 16 63 12 199 121 184 120 30 27 859 18 10 968 58 38 1482 44 35 23 61 24 56 25 148 36 32 37 55 54 82 485 3110 797 3975
84 8 0 9 2 7 138 1 5 4 27 3 6 28 14 15 11 176 21 20 37 16 17 12 19 23 18 22 30 13 468 10 72 38 63 65 26 24 35 621 32 78 29 36 55 145 131 62 58 482 371 303 6049
85 25 56 193 31 82 29 52 42 40 88 33 36 158 410 73 253 166 211 84 51 164 442 48 60 83 187 103 34 148 46 54 157 53 123 95 61 90 229 92 43 96 681 1604 6304
86 0 8 2 7 1 9 5 27 3 4 14 6 28 19 15 11 21 13 16 23 37 199 17 10 12 30 62 72 35 18 57 44 20 26 22 58 32 121 56 164 152 31 131 485 102 25 117 243 482 139
87 82 25 61 36 57 31 45 34 709 42 33 193 56 52 88 110 316 236 152 55 371 280 97 103 51 166 309 158 39 70 79 29 49 60 50 161 92 47 679 58 389 797 329 157 80 426 372 869 583 2120
88 8 0 9 2 7 1 5 27 3 4 14 6 19 15 120 69 11 37 21 13 17 63 12 16 20 155 22 10 23 57 38 28 24 869 18 26 45 355 29 35 1263 25 58 74 42 72 131 70 126
89 61 36 25 74 1954 70 56 24 33 60 41 34 135 45 96 303 55 112 145 73 110 79 78 42 164 39 88 52 50 140 224 51 309 47 86 46 48 53 355 280 102 329 968 8450
90 8 0 7 2 9 1 5 14 3 28 6 4 27 155 15 19 11 120 21 13 17 16 23 12 10 37 30 18 22 139 554 24 38 72 102 35 65 107 25 78 229 158 55 36 84 31 135 54 145 1384 309 1184 2371
91 8 0 9 2 7 1 138 5 27 14 4 6 3 28 120 3244 19 15 126 11 176 13 17 16 20 23 12 22 21 30 184 10 139 35 199 72 38 18 63 193 44 65 869 145 24 58 57 61 41 82 25 55 78 253 45 164 114 948 3684
92 8 0 2 7 9 1 5 27 14 3 4 6 28 15 19 69 3097 120 37 21 20 13 121 17 11 176 30 12 18 22 23 16 65 10 57 72 24 199 38 62 41 252 1334 74 356 26 25 583 58 145 54 29 549 253 1958 268 355 6459
93 114 56 110 70 33 249 50 60 40 145 187 86 299 193 152 34 948 46 73 96 31 71 112 164 59 39 48 87 79 66 119 125 90 267 47 81 1951 4171
94 25 61 45 56 84 316 404 158 29 166 31 42 54 290 52 224 60 48 51 73 110 249 34 49 43 53 132 40 74 161 50 70 90 549 948 46 97 86 299 342 330 332 355 1604 2402
95 29 54 25 84 31 52 34 316 164 55 356 103 60 70 389 33 224 73 40 46 36 686 211 51 47 97 268 50 193 83 43 79 132 119 90 243 140 92 187 267 145 1597 3198 7585
96 78 112 50 117 46 482 33 79 42 80 211 371 53 90 73 88 206 51 737 48 74 86 301 71 123 285 95 92 81 35 87 49 96 249 147 161 67 59 139 178 432 653 4148
97 8 0 9 2 7 1 5 138 27 14 4 3 6 28 15 11 69 19 21 13 120 20 17 126 23 12 16 18 22 10 63 65 62 24 44 61 26 72 38 78 102 57 32 131 148 31 29 55 37
98 8 0 9 2 7 1 5 27 14 3 4 6 19 69 11 15 3097 28 120 63 13 17 20 23 16 12 18 10 62 21 72 35 139 58 121 24 236 65 26 38 41 44 114 30 37 56 22 55 82 410 25
99 8 0 9 7 2 138 1 5 27 14 3 4 6 28 19 155 15 120 69 11 37 21 13 63 16 20 23 199 17 65 12 10 18 22 30 62 35 57 303 38 72 44 24 41 61 78 193 708 74 25 56 355 45 224 139 3110 84 166 1334
